This file contains any messages produced by compilers while
running configure, to aid debugging if configure makes a mistake.

It was created by python configure 2.7, which was
generated by GNU Autoconf 2.68.  Invocation command line was

  $ ./configure 

## --------- ##
## Platform. ##
## --------- ##

hostname = Anthonys-MacBook-Pro.local
uname -m = x86_64
uname -r = 17.3.0
uname -s = Darwin
uname -v = Darwin Kernel Version 17.3.0: Thu Nov  9 18:09:22 PST 2017; root:xnu-4570.31.3~1/RELEASE_X86_64

/usr/bin/uname -p = i386
/bin/uname -X     = unknown

/bin/arch              = unknown
/usr/bin/arch -k       = unknown
/usr/convex/getsysinfo = unknown
/usr/bin/hostinfo      = Mach kernel version:
	 Darwin Kernel Version 17.3.0: Thu Nov  9 18:09:22 PST 2017; root:xnu-4570.31.3~1/RELEASE_X86_64
Kernel configured for up to 8 processors.
4 processors are physically available.
8 processors are logically available.
Processor type: x86_64h (Intel x86-64h Haswell)
Processors active: 0 1 2 3 4 5 6 7
Primary memory available: 16.00 gigabytes
Default processor set: 363 tasks, 1505 threads, 8 processors
Load average: 4.09, Mach factor: 3.89
/bin/machine           = unknown
/usr/bin/oslevel       = unknown
/bin/universe          = unknown

PATH: /Users/anthonycassetta/.buildozer/android/platform/android-ndk-r9c/toolchains/arm-linux-androideabi-4.8/prebuilt/darwin-x86/bin/
PATH: /Users/anthonycassetta/.buildozer/android/platform/android-ndk-r9c/toolchains/arm-linux-androideabi-4.8/prebuilt/darwin-x86_64/bin/
PATH: /Users/anthonycassetta/.buildozer/android/platform/android-ndk-r9c
PATH: /Users/anthonycassetta/.buildozer/android/platform/android-sdk-20/tools
PATH: /Users/anthonycassetta/.buildozer/android/platform/apache-ant-1.9.4/bin
PATH: /Library/Frameworks/Python.framework/Versions/3.6/bin
PATH: /Users/anthonycassetta/anaconda3/bin
PATH: /Library/Frameworks/Python.framework/Versions/3.6/bin
PATH: /usr/local/bin
PATH: /usr/bin
PATH: /bin
PATH: /usr/sbin
PATH: /sbin


## ----------- ##
## Core tests. ##
## ----------- ##

configure:2764: checking for --enable-universalsdk
configure:2805: result: no
configure:2814: checking for --with-universal-archs
configure:2831: result: 32-bit
configure:2988: checking MACHDEP
configure:3136: result: darwin
configure:3142: checking EXTRAPLATDIR
configure:3157: result: $(PLATMACDIRS)
configure:3168: checking machine type as reported by uname -m
configure:3171: result: x86_64
configure:3184: checking for --without-gcc
configure:3228: result: no
configure:3289: checking for gcc
configure:3305: found /usr/bin/gcc
configure:3316: result: gcc
configure:3545: checking for C compiler version
configure:3554: gcc --version >&5
xcrun: error: invalid active developer path (/Library/Developer/CommandLineTools), missing xcrun at: /Library/Developer/CommandLineTools/usr/bin/xcrun
configure:3565: $? = 1
configure:3554: gcc -v >&5
xcrun: error: invalid active developer path (/Library/Developer/CommandLineTools), missing xcrun at: /Library/Developer/CommandLineTools/usr/bin/xcrun
configure:3565: $? = 1
configure:3554: gcc -V >&5
xcrun: error: invalid active developer path (/Library/Developer/CommandLineTools), missing xcrun at: /Library/Developer/CommandLineTools/usr/bin/xcrun
configure:3565: $? = 1
configure:3554: gcc -qversion >&5
xcrun: error: invalid active developer path (/Library/Developer/CommandLineTools), missing xcrun at: /Library/Developer/CommandLineTools/usr/bin/xcrun
configure:3565: $? = 1
configure:3585: checking whether the C compiler works
configure:3607: gcc    conftest.c  >&5
xcrun: error: invalid active developer path (/Library/Developer/CommandLineTools), missing xcrun at: /Library/Developer/CommandLineTools/usr/bin/xcrun
configure:3611: $? = 1
configure:3649: result: no
configure: failed program was:
| /* confdefs.h */
| #define _GNU_SOURCE 1
| #define _NETBSD_SOURCE 1
| #define __BSD_VISIBLE 1
| #define _BSD_TYPES 1
| #define _DARWIN_C_SOURCE 1
| /* end confdefs.h.  */
| 
| int
| main ()
| {
| 
|   ;
|   return 0;
| }
configure:3654: error: in `/Users/anthonycassetta/AntFarm/Python/build/other_builds/hostpython2/desktop/hostpython2':
configure:3656: error: C compiler cannot create executables
See `config.log' for more details

## ---------------- ##
## Cache variables. ##
## ---------------- ##

ac_cv_env_CC_set=
ac_cv_env_CC_value=
ac_cv_env_CFLAGS_set=
ac_cv_env_CFLAGS_value=
ac_cv_env_CPPFLAGS_set=
ac_cv_env_CPPFLAGS_value=
ac_cv_env_CPP_set=
ac_cv_env_CPP_value=
ac_cv_env_LDFLAGS_set=
ac_cv_env_LDFLAGS_value=
ac_cv_env_LIBS_set=
ac_cv_env_LIBS_value=
ac_cv_env_build_alias_set=
ac_cv_env_build_alias_value=
ac_cv_env_host_alias_set=
ac_cv_env_host_alias_value=
ac_cv_env_target_alias_set=
ac_cv_env_target_alias_value=
ac_cv_prog_ac_ct_CC=gcc

## ----------------- ##
## Output variables. ##
## ----------------- ##

AR=''
ARCH_RUN_32BIT=''
ARFLAGS=''
BASECFLAGS=''
BLDLIBRARY=''
BLDSHARED=''
BUILDEXEEXT=''
CC='gcc'
CCSHARED=''
CFLAGS=''
CFLAGSFORSHARED=''
CONFIGURE_MACOSX_DEPLOYMENT_TARGET=''
CONFIG_ARGS=''
CPP=''
CPPFLAGS=''
CXX=''
DEFS=''
DLINCLDIR=''
DLLLIBRARY=''
DYNLOADFILE=''
ECHO_C='\c'
ECHO_N=''
ECHO_T=''
EGREP=''
EXEEXT=''
EXPORT_MACOSX_DEPLOYMENT_TARGET='#'
EXTRAMACHDEPPATH='$(PLATMACPATH)'
EXTRAPLATDIR='$(PLATMACDIRS)'
FRAMEWORKALTINSTALLFIRST=''
FRAMEWORKALTINSTALLLAST=''
FRAMEWORKINSTALLAPPSPREFIX=''
FRAMEWORKINSTALLFIRST=''
FRAMEWORKINSTALLLAST=''
FRAMEWORKUNIXTOOLSPREFIX='/usr/local'
GNULD=''
GREP=''
HAS_HG=''
HAVE_GETHOSTBYNAME=''
HAVE_GETHOSTBYNAME_R=''
HAVE_GETHOSTBYNAME_R_3_ARG=''
HAVE_GETHOSTBYNAME_R_5_ARG=''
HAVE_GETHOSTBYNAME_R_6_ARG=''
HGBRANCH=''
HGTAG=''
HGVERSION=''
INSTALL_DATA=''
INSTALL_PROGRAM=''
INSTALL_SCRIPT=''
INSTSONAME=''
LDCXXSHARED=''
LDFLAGS=''
LDLAST=''
LDLIBRARY=''
LDLIBRARYDIR=''
LDSHARED=''
LIBC=''
LIBFFI_INCLUDEDIR=''
LIBM=''
LIBOBJS=''
LIBRARY=''
LIBS=''
LIBTOOL_CRUFT=''
LINKCC=''
LINKFORSHARED=''
LIPO_32BIT_FLAGS=''
LN=''
LTLIBOBJS=''
MACHDEP='darwin'
MACHDEP_OBJS=''
MAINCC=''
OBJEXT=''
OPT=''
OTHER_LIBTOOL_OPT=''
PACKAGE_BUGREPORT='http://bugs.python.org/'
PACKAGE_NAME='python'
PACKAGE_STRING='python 2.7'
PACKAGE_TARNAME='python'
PACKAGE_URL=''
PACKAGE_VERSION='2.7'
PATH_SEPARATOR=':'
PKG_CONFIG=''
PYTHONFRAMEWORK=''
PYTHONFRAMEWORKDIR='no-framework'
PYTHONFRAMEWORKIDENTIFIER='org.python.python'
PYTHONFRAMEWORKINSTALLDIR=''
PYTHONFRAMEWORKPREFIX=''
RANLIB=''
RUNSHARED=''
SGI_ABI=''
SHELL='/bin/sh'
SHLIBS=''
SIGNAL_OBJS=''
SO=''
SOVERSION='1.0'
SRCDIRS=''
SVNVERSION=''
THREADHEADERS=''
THREADOBJ=''
TRUE=''
UNICODE_OBJS=''
UNIVERSALSDK=''
UNIVERSAL_ARCH_FLAGS=''
USE_SIGNAL_MODULE=''
USE_THREAD_MODULE=''
VERSION='2.7'
ac_ct_CC='gcc'
bindir='${exec_prefix}/bin'
build_alias=''
datadir='${datarootdir}'
datarootdir='${prefix}/share'
docdir='${datarootdir}/doc/${PACKAGE_TARNAME}'
dvidir='${docdir}'
exec_prefix='NONE'
host_alias=''
htmldir='${docdir}'
includedir='${prefix}/include'
infodir='${datarootdir}/info'
libdir='${exec_prefix}/lib'
libexecdir='${exec_prefix}/libexec'
localedir='${datarootdir}/locale'
localstatedir='${prefix}/var'
mandir='${datarootdir}/man'
oldincludedir='/usr/include'
pdfdir='${docdir}'
prefix='NONE'
program_transform_name='s,x,x,'
psdir='${docdir}'
sbindir='${exec_prefix}/sbin'
sharedstatedir='${prefix}/com'
sysconfdir='${prefix}/etc'
target_alias=''

## ----------- ##
## confdefs.h. ##
## ----------- ##

/* confdefs.h */
#define _GNU_SOURCE 1
#define _NETBSD_SOURCE 1
#define __BSD_VISIBLE 1
#define _BSD_TYPES 1
#define _DARWIN_C_SOURCE 1

configure: exit 77
